<?xml version="1.0" encoding="UTF-8"?>
<!-- Generated by org.testng.reporters.JUnitXMLReporter -->
<testsuite ignored="2" hostname="DESKTOP-QFJCKLU" failures="0" tests="2" name="Test2" time="35.043" errors="0" timestamp="2022-06-15T15:39:19 IST">
  <testcase classname="contct.EditeContactAndVerify" name="EditContact" time="9.76"/>
  <testcase classname="contct.ViewContact" name="ViewTest" time="5.069"/>
  <testcase classname="genaricsUtilities.BaseClass" name="@BeforeSuite Dbconfig" time="0.0">
    <ignored/>
  </testcase> <!-- @BeforeSuite Dbconfig -->
  <testcase classname="genaricsUtilities.BaseClass" name="@AfterSuite CloseTheConfig" time="0.0">
    <ignored/>
  </testcase> <!-- @AfterSuite CloseTheConfig -->
</testsuite> <!-- Test2 -->
